# JRE version: Java(TM) SE Runtime Environment (8.0_191-b12) (build 1.8.0_191-b12)
# Java VM: Java HotSpot(TM) 64-Bit Server VM (25.191-b12 mixed mode windows-amd64 compressed oops)
Heap:
 PSYoungGen      total 121344K, used 58121K [0x00000000d5d80000, 0x00000000ded80000, 0x0000000100000000)
  eden space 115712K, 50% used [0x00000000d5d80000,0x00000000d9642560,0x00000000dce80000)
  from space 5632K, 0% used [0x00000000de800000,0x00000000de800000,0x00000000ded80000)
  to   space 8704K, 0% used [0x00000000ddc80000,0x00000000ddc80000,0x00000000de500000)
 ParOldGen       total 89600K, used 19147K [0x0000000081800000, 0x0000000086f80000, 0x00000000d5d80000)
  object space 89600K, 21% used [0x0000000081800000,0x0000000082ab2ce8,0x0000000086f80000)
 Metaspace       used 35166K, capacity 36728K, committed 36904K, reserved 1081344K
  class space    used 4488K, capacity 4772K, committed 4784K, reserved 1048576K
GC Heap History (10 events):
Event: 5.173 GC heap before
{Heap before GC invocations=6 (full 1):
 PSYoungGen      total 71680K, used 5118K [0x00000000d5d80000, 0x00000000df080000, 0x0000000100000000)
  eden space 66560K, 0% used [0x00000000d5d80000,0x00000000d5d80000,0x00000000d9e80000)
  from space 5120K, 99% used [0x00000000d9e80000,0x00000000da37f900,0x00000000da380000)
  to   space 8704K, 0% used [0x00000000de800000,0x00000000de800000,0x00000000df080000)
 ParOldGen       total 87552K, used 5267K [0x0000000081800000, 0x0000000086d80000, 0x00000000d5d80000)
  object space 87552K, 6% used [0x0000000081800000,0x0000000081d24dc0,0x0000000086d80000)
 Metaspace       used 20629K, capacity 21192K, committed 21296K, reserved 1067008K
  class space    used 2654K, capacity 2825K, committed 2864K, reserved 1048576K
Event: 5.211 GC heap after
Heap after GC invocations=6 (full 1):
 PSYoungGen      total 71680K, used 0K [0x00000000d5d80000, 0x00000000df080000, 0x0000000100000000)
  eden space 66560K, 0% used [0x00000000d5d80000,0x00000000d5d80000,0x00000000d9e80000)
  from space 5120K, 0% used [0x00000000d9e80000,0x00000000d9e80000,0x00000000da380000)
  to   space 8704K, 0% used [0x00000000de800000,0x00000000de800000,0x00000000df080000)
 ParOldGen       total 50176K, used 5296K [0x0000000081800000, 0x0000000084900000, 0x00000000d5d80000)
  object space 50176K, 10% used [0x0000000081800000,0x0000000081d2c0e0,0x0000000084900000)
 Metaspace       used 20629K, capacity 21192K, committed 21296K, reserved 1067008K
  class space    used 2654K, capacity 2825K, committed 2864K, reserved 1048576K
}
Event: 6.667 GC heap before
{Heap before GC invocations=7 (full 1):
 PSYoungGen      total 71680K, used 66560K [0x00000000d5d80000, 0x00000000df080000, 0x0000000100000000)
  eden space 66560K, 100% used [0x00000000d5d80000,0x00000000d9e80000,0x00000000d9e80000)
  from space 5120K, 0% used [0x00000000d9e80000,0x00000000d9e80000,0x00000000da380000)
  to   space 8704K, 0% used [0x00000000de800000,0x00000000de800000,0x00000000df080000)
 ParOldGen       total 50176K, used 5296K [0x0000000081800000, 0x0000000084900000, 0x00000000d5d80000)
  object space 50176K, 10% used [0x0000000081800000,0x0000000081d2c0e0,0x0000000084900000)
 Metaspace       used 24716K, capacity 25450K, committed 25648K, reserved 1071104K
  class space    used 3157K, capacity 3336K, committed 3376K, reserved 1048576K
Event: 6.685 GC heap after
Heap after GC invocations=7 (full 1):
 PSYoungGen      total 121344K, used 5278K [0x00000000d5d80000, 0x00000000ded80000, 0x0000000100000000)
  eden space 115712K, 0% used [0x00000000d5d80000,0x00000000d5d80000,0x00000000dce80000)
  from space 5632K, 93% used [0x00000000de800000,0x00000000ded27800,0x00000000ded80000)
  to   space 8704K, 0% used [0x00000000ddc80000,0x00000000ddc80000,0x00000000de500000)
 ParOldGen       total 50176K, used 5368K [0x0000000081800000, 0x0000000084900000, 0x00000000d5d80000)
  object space 50176K, 10% used [0x0000000081800000,0x0000000081d3e0f0,0x0000000084900000)
 Metaspace       used 24716K, capacity 25450K, committed 25648K, reserved 1071104K
  class space    used 3157K, capacity 3336K, committed 3376K, reserved 1048576K
}
Event: 9.667 GC heap before
{Heap before GC invocations=8 (full 1):
 PSYoungGen      total 121344K, used 120990K [0x00000000d5d80000, 0x00000000ded80000, 0x0000000100000000)
  eden space 115712K, 100% used [0x00000000d5d80000,0x00000000dce80000,0x00000000dce80000)
  from space 5632K, 93% used [0x00000000de800000,0x00000000ded27800,0x00000000ded80000)
  to   space 8704K, 0% used [0x00000000ddc80000,0x00000000ddc80000,0x00000000de500000)
 ParOldGen       total 50176K, used 5368K [0x0000000081800000, 0x0000000084900000, 0x00000000d5d80000)
  object space 50176K, 10% used [0x0000000081800000,0x0000000081d3e0f0,0x0000000084900000)
 Metaspace       used 32351K, capacity 33718K, committed 34096K, reserved 1079296K
  class space    used 4113K, capacity 4357K, committed 4400K, reserved 1048576K
Event: 9.688 GC heap after
Heap after GC invocations=8 (full 1):
 PSYoungGen      total 124416K, used 8699K [0x00000000d5d80000, 0x00000000ded80000, 0x0000000100000000)
  eden space 115712K, 0% used [0x00000000d5d80000,0x00000000d5d80000,0x00000000dce80000)
  from space 8704K, 99% used [0x00000000ddc80000,0x00000000de4fec60,0x00000000de500000)
  to   space 5632K, 0% used [0x00000000de800000,0x00000000de800000,0x00000000ded80000)
 ParOldGen       total 50176K, used 11550K [0x0000000081800000, 0x0000000084900000, 0x00000000d5d80000)
  object space 50176K, 23% used [0x0000000081800000,0x0000000082347860,0x0000000084900000)
 Metaspace       used 32351K, capacity 33718K, committed 34096K, reserved 1079296K
  class space    used 4113K, capacity 4357K, committed 4400K, reserved 1048576K
}
Event: 10.731 GC heap before
{Heap before GC invocations=9 (full 1):
 PSYoungGen      total 124416K, used 69230K [0x00000000d5d80000, 0x00000000ded80000, 0x0000000100000000)
  eden space 115712K, 52% used [0x00000000d5d80000,0x00000000d989cc90,0x00000000dce80000)
  from space 8704K, 99% used [0x00000000ddc80000,0x00000000de4fec60,0x00000000de500000)
  to   space 5632K, 0% used [0x00000000de800000,0x00000000de800000,0x00000000ded80000)
 ParOldGen       total 50176K, used 11550K [0x0000000081800000, 0x0000000084900000, 0x00000000d5d80000)
  object space 50176K, 23% used [0x0000000081800000,0x0000000082347860,0x0000000084900000)
 Metaspace       used 33967K, capacity 35306K, committed 35496K, reserved 1081344K
  class space    used 4321K, capacity 4571K, committed 4656K, reserved 1048576K
Event: 10.751 GC heap after
Heap after GC invocations=9 (full 1):
 PSYoungGen      total 121344K, used 5616K [0x00000000d5d80000, 0x00000000ded80000, 0x0000000100000000)
  eden space 115712K, 0% used [0x00000000d5d80000,0x00000000d5d80000,0x00000000dce80000)
  from space 5632K, 99% used [0x00000000de800000,0x00000000ded7c020,0x00000000ded80000)
  to   space 8704K, 0% used [0x00000000ddc80000,0x00000000ddc80000,0x00000000de500000)
 ParOldGen       total 50176K, used 18533K [0x0000000081800000, 0x0000000084900000, 0x00000000d5d80000)
  object space 50176K, 36% used [0x0000000081800000,0x0000000082a19720,0x0000000084900000)
 Metaspace       used 33967K, capacity 35306K, committed 35496K, reserved 1081344K
  class space    used 4321K, capacity 4571K, committed 4656K, reserved 1048576K
}
Event: 10.752 GC heap before
{Heap before GC invocations=10 (full 2):
 PSYoungGen      total 121344K, used 5616K [0x00000000d5d80000, 0x00000000ded80000, 0x0000000100000000)
  eden space 115712K, 0% used [0x00000000d5d80000,0x00000000d5d80000,0x00000000dce80000)
  from space 5632K, 99% used [0x00000000de800000,0x00000000ded7c020,0x00000000ded80000)
  to   space 8704K, 0% used [0x00000000ddc80000,0x00000000ddc80000,0x00000000de500000)
 ParOldGen       total 50176K, used 18533K [0x0000000081800000, 0x0000000084900000, 0x00000000d5d80000)
  object space 50176K, 36% used [0x0000000081800000,0x0000000082a19720,0x0000000084900000)
 Metaspace       used 33967K, capacity 35306K, committed 35496K, reserved 1081344K
  class space    used 4321K, capacity 4571K, committed 4656K, reserved 1048576K
Event: 10.916 GC heap after
Heap after GC invocations=10 (full 2):
 PSYoungGen      total 121344K, used 0K [0x00000000d5d80000, 0x00000000ded80000, 0x0000000100000000)
  eden space 115712K, 0% used [0x00000000d5d80000,0x00000000d5d80000,0x00000000dce80000)
  from space 5632K, 0% used [0x00000000de800000,0x00000000de800000,0x00000000ded80000)
  to   space 8704K, 0% used [0x00000000ddc80000,0x00000000ddc80000,0x00000000de500000)
 ParOldGen       total 89600K, used 19147K [0x0000000081800000, 0x0000000086f80000, 0x00000000d5d80000)
  object space 89600K, 21% used [0x0000000081800000,0x0000000082ab2ce8,0x0000000086f80000)
 Metaspace       used 33967K, capacity 35306K, committed 35496K, reserved 1081344K
  class space    used 4321K, capacity 4571K, committed 4656K, reserved 1048576K
}

