# JRE version: Java(TM) SE Runtime Environment (8.0_191-b12) (build 1.8.0_191-b12)
# Java VM: Java HotSpot(TM) 64-Bit Server VM (25.191-b12 mixed mode windows-amd64 compressed oops)
Heap:
 PSYoungGen      total 71680K, used 34487K [0x00000000d5d80000, 0x00000000da880000, 0x0000000100000000)
  eden space 66560K, 44% used [0x00000000d5d80000,0x00000000d7a35f28,0x00000000d9e80000)
  from space 5120K, 99% used [0x00000000d9e80000,0x00000000da378020,0x00000000da380000)
  to   space 5120K, 0% used [0x00000000da380000,0x00000000da380000,0x00000000da880000)
 ParOldGen       total 50688K, used 7855K [0x0000000081800000, 0x0000000084980000, 0x00000000d5d80000)
  object space 50688K, 15% used [0x0000000081800000,0x0000000081fabcd8,0x0000000084980000)
 Metaspace       used 31432K, capacity 32710K, committed 33024K, reserved 1077248K
  class space    used 4016K, capacity 4257K, committed 4352K, reserved 1048576K
GC Heap History (10 events):
Event: 3.523 GC heap before
{Heap before GC invocations=4 (full 0):
 PSYoungGen      total 38400K, used 38381K [0x00000000d5d80000, 0x00000000da880000, 0x0000000100000000)
  eden space 33280K, 100% used [0x00000000d5d80000,0x00000000d7e00000,0x00000000d7e00000)
  from space 5120K, 99% used [0x00000000d7e00000,0x00000000d82fb708,0x00000000d8300000)
  to   space 5120K, 0% used [0x00000000da380000,0x00000000da380000,0x00000000da880000)
 ParOldGen       total 87552K, used 1443K [0x0000000081800000, 0x0000000086d80000, 0x00000000d5d80000)
  object space 87552K, 1% used [0x0000000081800000,0x0000000081968f30,0x0000000086d80000)
 Metaspace       used 19974K, capacity 20492K, committed 20736K, reserved 1067008K
  class space    used 2548K, capacity 2697K, committed 2816K, reserved 1048576K
Event: 3.566 GC heap after
Heap after GC invocations=4 (full 0):
 PSYoungGen      total 71680K, used 5097K [0x00000000d5d80000, 0x00000000da880000, 0x0000000100000000)
  eden space 66560K, 0% used [0x00000000d5d80000,0x00000000d5d80000,0x00000000d9e80000)
  from space 5120K, 99% used [0x00000000da380000,0x00000000da87a780,0x00000000da880000)
  to   space 5120K, 0% used [0x00000000d9e80000,0x00000000d9e80000,0x00000000da380000)
 ParOldGen       total 87552K, used 4842K [0x0000000081800000, 0x0000000086d80000, 0x00000000d5d80000)
  object space 87552K, 5% used [0x0000000081800000,0x0000000081cba818,0x0000000086d80000)
 Metaspace       used 19974K, capacity 20492K, committed 20736K, reserved 1067008K
  class space    used 2548K, capacity 2697K, committed 2816K, reserved 1048576K
}
Event: 3.729 GC heap before
{Heap before GC invocations=5 (full 0):
 PSYoungGen      total 71680K, used 12617K [0x00000000d5d80000, 0x00000000da880000, 0x0000000100000000)
  eden space 66560K, 11% used [0x00000000d5d80000,0x00000000d64d7f90,0x00000000d9e80000)
  from space 5120K, 99% used [0x00000000da380000,0x00000000da87a780,0x00000000da880000)
  to   space 5120K, 0% used [0x00000000d9e80000,0x00000000d9e80000,0x00000000da380000)
 ParOldGen       total 87552K, used 4842K [0x0000000081800000, 0x0000000086d80000, 0x00000000d5d80000)
  object space 87552K, 5% used [0x0000000081800000,0x0000000081cba818,0x0000000086d80000)
 Metaspace       used 20540K, capacity 21126K, committed 21248K, reserved 1067008K
  class space    used 2636K, capacity 2782K, committed 2816K, reserved 1048576K
Event: 3.742 GC heap after
Heap after GC invocations=5 (full 0):
 PSYoungGen      total 71680K, used 5111K [0x00000000d5d80000, 0x00000000da880000, 0x0000000100000000)
  eden space 66560K, 0% used [0x00000000d5d80000,0x00000000d5d80000,0x00000000d9e80000)
  from space 5120K, 99% used [0x00000000d9e80000,0x00000000da37dc68,0x00000000da380000)
  to   space 5120K, 0% used [0x00000000da380000,0x00000000da380000,0x00000000da880000)
 ParOldGen       total 87552K, used 5224K [0x0000000081800000, 0x0000000086d80000, 0x00000000d5d80000)
  object space 87552K, 5% used [0x0000000081800000,0x0000000081d1a0f0,0x0000000086d80000)
 Metaspace       used 20540K, capacity 21126K, committed 21248K, reserved 1067008K
  class space    used 2636K, capacity 2782K, committed 2816K, reserved 1048576K
}
Event: 3.742 GC heap before
{Heap before GC invocations=6 (full 1):
 PSYoungGen      total 71680K, used 5111K [0x00000000d5d80000, 0x00000000da880000, 0x0000000100000000)
  eden space 66560K, 0% used [0x00000000d5d80000,0x00000000d5d80000,0x00000000d9e80000)
  from space 5120K, 99% used [0x00000000d9e80000,0x00000000da37dc68,0x00000000da380000)
  to   space 5120K, 0% used [0x00000000da380000,0x00000000da380000,0x00000000da880000)
 ParOldGen       total 87552K, used 5224K [0x0000000081800000, 0x0000000086d80000, 0x00000000d5d80000)
  object space 87552K, 5% used [0x0000000081800000,0x0000000081d1a0f0,0x0000000086d80000)
 Metaspace       used 20540K, capacity 21126K, committed 21248K, reserved 1067008K
  class space    used 2636K, capacity 2782K, committed 2816K, reserved 1048576K
Event: 3.793 GC heap after
Heap after GC invocations=6 (full 1):
 PSYoungGen      total 71680K, used 0K [0x00000000d5d80000, 0x00000000da880000, 0x0000000100000000)
  eden space 66560K, 0% used [0x00000000d5d80000,0x00000000d5d80000,0x00000000d9e80000)
  from space 5120K, 0% used [0x00000000d9e80000,0x00000000d9e80000,0x00000000da380000)
  to   space 5120K, 0% used [0x00000000da380000,0x00000000da380000,0x00000000da880000)
 ParOldGen       total 50688K, used 5392K [0x0000000081800000, 0x0000000084980000, 0x00000000d5d80000)
  object space 50688K, 10% used [0x0000000081800000,0x0000000081d442f8,0x0000000084980000)
 Metaspace       used 20540K, capacity 21126K, committed 21248K, reserved 1067008K
  class space    used 2636K, capacity 2782K, committed 2816K, reserved 1048576K
}
Event: 5.779 GC heap before
{Heap before GC invocations=7 (full 1):
 PSYoungGen      total 71680K, used 66560K [0x00000000d5d80000, 0x00000000da880000, 0x0000000100000000)
  eden space 66560K, 100% used [0x00000000d5d80000,0x00000000d9e80000,0x00000000d9e80000)
  from space 5120K, 0% used [0x00000000d9e80000,0x00000000d9e80000,0x00000000da380000)
  to   space 5120K, 0% used [0x00000000da380000,0x00000000da380000,0x00000000da880000)
 ParOldGen       total 50688K, used 5392K [0x0000000081800000, 0x0000000084980000, 0x00000000d5d80000)
  object space 50688K, 10% used [0x0000000081800000,0x0000000081d442f8,0x0000000084980000)
 Metaspace       used 24716K, capacity 25514K, committed 25728K, reserved 1071104K
  class space    used 3153K, capacity 3336K, committed 3456K, reserved 1048576K
Event: 5.787 GC heap after
Heap after GC invocations=7 (full 1):
 PSYoungGen      total 71680K, used 5090K [0x00000000d5d80000, 0x00000000da880000, 0x0000000100000000)
  eden space 66560K, 0% used [0x00000000d5d80000,0x00000000d5d80000,0x00000000d9e80000)
  from space 5120K, 99% used [0x00000000da380000,0x00000000da878b58,0x00000000da880000)
  to   space 5120K, 0% used [0x00000000d9e80000,0x00000000d9e80000,0x00000000da380000)
 ParOldGen       total 50688K, used 5675K [0x0000000081800000, 0x0000000084980000, 0x00000000d5d80000)
  object space 50688K, 11% used [0x0000000081800000,0x0000000081d8ae40,0x0000000084980000)
 Metaspace       used 24716K, capacity 25514K, committed 25728K, reserved 1071104K
  class space    used 3153K, capacity 3336K, committed 3456K, reserved 1048576K
}
Event: 7.109 GC heap before
{Heap before GC invocations=8 (full 1):
 PSYoungGen      total 71680K, used 71650K [0x00000000d5d80000, 0x00000000da880000, 0x0000000100000000)
  eden space 66560K, 100% used [0x00000000d5d80000,0x00000000d9e80000,0x00000000d9e80000)
  from space 5120K, 99% used [0x00000000da380000,0x00000000da878b58,0x00000000da880000)
  to   space 5120K, 0% used [0x00000000d9e80000,0x00000000d9e80000,0x00000000da380000)
 ParOldGen       total 50688K, used 5675K [0x0000000081800000, 0x0000000084980000, 0x00000000d5d80000)
  object space 50688K, 11% used [0x0000000081800000,0x0000000081d8ae40,0x0000000084980000)
 Metaspace       used 27971K, capacity 29294K, committed 29568K, reserved 1075200K
  class space    used 3597K, capacity 3853K, committed 3968K, reserved 1048576K
Event: 7.120 GC heap after
Heap after GC invocations=8 (full 1):
 PSYoungGen      total 71680K, used 5088K [0x00000000d5d80000, 0x00000000da880000, 0x0000000100000000)
  eden space 66560K, 0% used [0x00000000d5d80000,0x00000000d5d80000,0x00000000d9e80000)
  from space 5120K, 99% used [0x00000000d9e80000,0x00000000da378020,0x00000000da380000)
  to   space 5120K, 0% used [0x00000000da380000,0x00000000da380000,0x00000000da880000)
 ParOldGen       total 50688K, used 7855K [0x0000000081800000, 0x0000000084980000, 0x00000000d5d80000)
  object space 50688K, 15% used [0x0000000081800000,0x0000000081fabcd8,0x0000000084980000)
 Metaspace       used 27971K, capacity 29294K, committed 29568K, reserved 1075200K
  class space    used 3597K, capacity 3853K, committed 3968K, reserved 1048576K
}

