# JRE version: Java(TM) SE Runtime Environment (8.0_191-b12) (build 1.8.0_191-b12)
# Java VM: Java HotSpot(TM) 64-Bit Server VM (25.191-b12 mixed mode windows-amd64 compressed oops)
Heap:
 PSYoungGen      total 139264K, used 35575K [0x00000000d5d80000, 0x00000000dfc80000, 0x0000000100000000)
  eden space 131072K, 20% used [0x00000000d5d80000,0x00000000d7845798,0x00000000ddd80000)
  from space 8192K, 99% used [0x00000000ddd80000,0x00000000de578858,0x00000000de580000)
  to   space 14336K, 0% used [0x00000000dee80000,0x00000000dee80000,0x00000000dfc80000)
 ParOldGen       total 54272K, used 21599K [0x0000000081800000, 0x0000000084d00000, 0x00000000d5d80000)
  object space 54272K, 39% used [0x0000000081800000,0x0000000082d17e38,0x0000000084d00000)
 Metaspace       used 43229K, capacity 45002K, committed 45312K, reserved 1089536K
  class space    used 5461K, capacity 5790K, committed 5888K, reserved 1048576K
GC Heap History (10 events):
Event: 5.036 GC heap before
{Heap before GC invocations=7 (full 1):
 PSYoungGen      total 71680K, used 66560K [0x00000000d5d80000, 0x00000000df080000, 0x0000000100000000)
  eden space 66560K, 100% used [0x00000000d5d80000,0x00000000d9e80000,0x00000000d9e80000)
  from space 5120K, 0% used [0x00000000d9e80000,0x00000000d9e80000,0x00000000da380000)
  to   space 8704K, 0% used [0x00000000de800000,0x00000000de800000,0x00000000df080000)
 ParOldGen       total 54272K, used 5523K [0x0000000081800000, 0x0000000084d00000, 0x00000000d5d80000)
  object space 54272K, 10% used [0x0000000081800000,0x0000000081d64e70,0x0000000084d00000)
 Metaspace       used 24760K, capacity 25546K, committed 25728K, reserved 1071104K
  class space    used 3163K, capacity 3368K, committed 3456K, reserved 1048576K
Event: 5.046 GC heap after
Heap after GC invocations=7 (full 1):
 PSYoungGen      total 112128K, used 5321K [0x00000000d5d80000, 0x00000000ded80000, 0x0000000100000000)
  eden space 106496K, 0% used [0x00000000d5d80000,0x00000000d5d80000,0x00000000dc580000)
  from space 5632K, 94% used [0x00000000de800000,0x00000000ded32758,0x00000000ded80000)
  to   space 8192K, 0% used [0x00000000ddd80000,0x00000000ddd80000,0x00000000de580000)
 ParOldGen       total 54272K, used 5595K [0x0000000081800000, 0x0000000084d00000, 0x00000000d5d80000)
  object space 54272K, 10% used [0x0000000081800000,0x0000000081d76e80,0x0000000084d00000)
 Metaspace       used 24760K, capacity 25546K, committed 25728K, reserved 1071104K
  class space    used 3163K, capacity 3368K, committed 3456K, reserved 1048576K
}
Event: 6.897 GC heap before
{Heap before GC invocations=8 (full 1):
 PSYoungGen      total 112128K, used 111817K [0x00000000d5d80000, 0x00000000ded80000, 0x0000000100000000)
  eden space 106496K, 100% used [0x00000000d5d80000,0x00000000dc580000,0x00000000dc580000)
  from space 5632K, 94% used [0x00000000de800000,0x00000000ded32758,0x00000000ded80000)
  to   space 8192K, 0% used [0x00000000ddd80000,0x00000000ddd80000,0x00000000de580000)
 ParOldGen       total 54272K, used 5595K [0x0000000081800000, 0x0000000084d00000, 0x00000000d5d80000)
  object space 54272K, 10% used [0x0000000081800000,0x0000000081d76e80,0x0000000084d00000)
 Metaspace       used 31945K, capacity 33282K, committed 33536K, reserved 1079296K
  class space    used 4071K, capacity 4321K, committed 4352K, reserved 1048576K
Event: 6.918 GC heap after
Heap after GC invocations=8 (full 1):
 PSYoungGen      total 114688K, used 8191K [0x00000000d5d80000, 0x00000000ded80000, 0x0000000100000000)
  eden space 106496K, 0% used [0x00000000d5d80000,0x00000000d5d80000,0x00000000dc580000)
  from space 8192K, 99% used [0x00000000ddd80000,0x00000000de57fc60,0x00000000de580000)
  to   space 5632K, 0% used [0x00000000de800000,0x00000000de800000,0x00000000ded80000)
 ParOldGen       total 54272K, used 11524K [0x0000000081800000, 0x0000000084d00000, 0x00000000d5d80000)
  object space 54272K, 21% used [0x0000000081800000,0x0000000082341068,0x0000000084d00000)
 Metaspace       used 31945K, capacity 33282K, committed 33536K, reserved 1079296K
  class space    used 4071K, capacity 4321K, committed 4352K, reserved 1048576K
}
Event: 7.774 GC heap before
{Heap before GC invocations=9 (full 1):
 PSYoungGen      total 114688K, used 78504K [0x00000000d5d80000, 0x00000000ded80000, 0x0000000100000000)
  eden space 106496K, 66% used [0x00000000d5d80000,0x00000000da22a570,0x00000000dc580000)
  from space 8192K, 99% used [0x00000000ddd80000,0x00000000de57fc60,0x00000000de580000)
  to   space 5632K, 0% used [0x00000000de800000,0x00000000de800000,0x00000000ded80000)
 ParOldGen       total 54272K, used 11524K [0x0000000081800000, 0x0000000084d00000, 0x00000000d5d80000)
  object space 54272K, 21% used [0x0000000081800000,0x0000000082341068,0x0000000084d00000)
 Metaspace       used 33965K, capacity 35302K, committed 35416K, reserved 1081344K
  class space    used 4321K, capacity 4571K, committed 4608K, reserved 1048576K
Event: 7.795 GC heap after
Heap after GC invocations=9 (full 1):
 PSYoungGen      total 112128K, used 5604K [0x00000000d5d80000, 0x00000000ded80000, 0x0000000100000000)
  eden space 106496K, 0% used [0x00000000d5d80000,0x00000000d5d80000,0x00000000dc580000)
  from space 5632K, 99% used [0x00000000de800000,0x00000000ded79040,0x00000000ded80000)
  to   space 8192K, 0% used [0x00000000ddd80000,0x00000000ddd80000,0x00000000de580000)
 ParOldGen       total 54272K, used 18802K [0x0000000081800000, 0x0000000084d00000, 0x00000000d5d80000)
  object space 54272K, 34% used [0x0000000081800000,0x0000000082a5caf8,0x0000000084d00000)
 Metaspace       used 33965K, capacity 35302K, committed 35416K, reserved 1081344K
  class space    used 4321K, capacity 4571K, committed 4608K, reserved 1048576K
}
Event: 7.795 GC heap before
{Heap before GC invocations=10 (full 2):
 PSYoungGen      total 112128K, used 5604K [0x00000000d5d80000, 0x00000000ded80000, 0x0000000100000000)
  eden space 106496K, 0% used [0x00000000d5d80000,0x00000000d5d80000,0x00000000dc580000)
  from space 5632K, 99% used [0x00000000de800000,0x00000000ded79040,0x00000000ded80000)
  to   space 8192K, 0% used [0x00000000ddd80000,0x00000000ddd80000,0x00000000de580000)
 ParOldGen       total 54272K, used 18802K [0x0000000081800000, 0x0000000084d00000, 0x00000000d5d80000)
  object space 54272K, 34% used [0x0000000081800000,0x0000000082a5caf8,0x0000000084d00000)
 Metaspace       used 33965K, capacity 35302K, committed 35416K, reserved 1081344K
  class space    used 4321K, capacity 4571K, committed 4608K, reserved 1048576K
Event: 7.934 GC heap after
Heap after GC invocations=10 (full 2):
 PSYoungGen      total 112128K, used 0K [0x00000000d5d80000, 0x00000000ded80000, 0x0000000100000000)
  eden space 106496K, 0% used [0x00000000d5d80000,0x00000000d5d80000,0x00000000dc580000)
  from space 5632K, 0% used [0x00000000de800000,0x00000000de800000,0x00000000ded80000)
  to   space 8192K, 0% used [0x00000000ddd80000,0x00000000ddd80000,0x00000000de580000)
 ParOldGen       total 54272K, used 19487K [0x0000000081800000, 0x0000000084d00000, 0x00000000d5d80000)
  object space 54272K, 35% used [0x0000000081800000,0x0000000082b07d60,0x0000000084d00000)
 Metaspace       used 33965K, capacity 35302K, committed 35416K, reserved 1081344K
  class space    used 4321K, capacity 4571K, committed 4608K, reserved 1048576K
}
Event: 20.212 GC heap before
{Heap before GC invocations=11 (full 2):
 PSYoungGen      total 112128K, used 106442K [0x00000000d5d80000, 0x00000000ded80000, 0x0000000100000000)
  eden space 106496K, 99% used [0x00000000d5d80000,0x00000000dc572b08,0x00000000dc580000)
  from space 5632K, 0% used [0x00000000de800000,0x00000000de800000,0x00000000ded80000)
  to   space 8192K, 0% used [0x00000000ddd80000,0x00000000ddd80000,0x00000000de580000)
 ParOldGen       total 54272K, used 19487K [0x0000000081800000, 0x0000000084d00000, 0x00000000d5d80000)
  object space 54272K, 35% used [0x0000000081800000,0x0000000082b07d60,0x0000000084d00000)
 Metaspace       used 39452K, capacity 41166K, committed 41472K, reserved 1085440K
  class space    used 5061K, capacity 5355K, committed 5376K, reserved 1048576K
Event: 20.226 GC heap after
Heap after GC invocations=11 (full 2):
 PSYoungGen      total 139264K, used 8162K [0x00000000d5d80000, 0x00000000dfc80000, 0x0000000100000000)
  eden space 131072K, 0% used [0x00000000d5d80000,0x00000000d5d80000,0x00000000ddd80000)
  from space 8192K, 99% used [0x00000000ddd80000,0x00000000de578858,0x00000000de580000)
  to   space 14336K, 0% used [0x00000000dee80000,0x00000000dee80000,0x00000000dfc80000)
 ParOldGen       total 54272K, used 21599K [0x0000000081800000, 0x0000000084d00000, 0x00000000d5d80000)
  object space 54272K, 39% used [0x0000000081800000,0x0000000082d17e38,0x0000000084d00000)
 Metaspace       used 39452K, capacity 41166K, committed 41472K, reserved 1085440K
  class space    used 5061K, capacity 5355K, committed 5376K, reserved 1048576K
}

