# JRE version: Java(TM) SE Runtime Environment (8.0_191-b12) (build 1.8.0_191-b12)
# Java VM: Java HotSpot(TM) 64-Bit Server VM (25.191-b12 mixed mode windows-amd64 compressed oops)
Heap:
 PSYoungGen      total 71680K, used 20063K [0x00000000d5d80000, 0x00000000df080000, 0x0000000100000000)
  eden space 66560K, 30% used [0x00000000d5d80000,0x00000000d7117f28,0x00000000d9e80000)
  from space 5120K, 0% used [0x00000000d9e80000,0x00000000d9e80000,0x00000000da380000)
  to   space 8704K, 0% used [0x00000000de800000,0x00000000de800000,0x00000000df080000)
 ParOldGen       total 53760K, used 5634K [0x0000000081800000, 0x0000000084c80000, 0x00000000d5d80000)
  object space 53760K, 10% used [0x0000000081800000,0x0000000081d808d8,0x0000000084c80000)
 Metaspace       used 22529K, capacity 23190K, committed 23296K, reserved 1069056K
  class space    used 2877K, capacity 3038K, committed 3072K, reserved 1048576K
GC Heap History (10 events):
Event: 2.092 GC heap before
{Heap before GC invocations=2 (full 0):
 PSYoungGen      total 38400K, used 38307K [0x00000000d5d80000, 0x00000000d8800000, 0x0000000100000000)
  eden space 33280K, 100% used [0x00000000d5d80000,0x00000000d7e00000,0x00000000d7e00000)
  from space 5120K, 98% used [0x00000000d7e00000,0x00000000d82e8c10,0x00000000d8300000)
  to   space 5120K, 0% used [0x00000000d8300000,0x00000000d8300000,0x00000000d8800000)
 ParOldGen       total 87552K, used 16K [0x0000000081800000, 0x0000000086d80000, 0x00000000d5d80000)
  object space 87552K, 0% used [0x0000000081800000,0x0000000081804000,0x0000000086d80000)
 Metaspace       used 12732K, capacity 13260K, committed 13568K, reserved 1060864K
  class space    used 1588K, capacity 1727K, committed 1792K, reserved 1048576K
Event: 2.115 GC heap after
Heap after GC invocations=2 (full 0):
 PSYoungGen      total 38400K, used 5088K [0x00000000d5d80000, 0x00000000da880000, 0x0000000100000000)
  eden space 33280K, 0% used [0x00000000d5d80000,0x00000000d5d80000,0x00000000d7e00000)
  from space 5120K, 99% used [0x00000000d8300000,0x00000000d87f8130,0x00000000d8800000)
  to   space 5120K, 0% used [0x00000000d7e00000,0x00000000d7e00000,0x00000000d8300000)
 ParOldGen       total 87552K, used 258K [0x0000000081800000, 0x0000000086d80000, 0x00000000d5d80000)
  object space 87552K, 0% used [0x0000000081800000,0x0000000081840978,0x0000000086d80000)
 Metaspace       used 12732K, capacity 13260K, committed 13568K, reserved 1060864K
  class space    used 1588K, capacity 1727K, committed 1792K, reserved 1048576K
}
Event: 2.569 GC heap before
{Heap before GC invocations=3 (full 0):
 PSYoungGen      total 38400K, used 38368K [0x00000000d5d80000, 0x00000000da880000, 0x0000000100000000)
  eden space 33280K, 100% used [0x00000000d5d80000,0x00000000d7e00000,0x00000000d7e00000)
  from space 5120K, 99% used [0x00000000d8300000,0x00000000d87f8130,0x00000000d8800000)
  to   space 5120K, 0% used [0x00000000d7e00000,0x00000000d7e00000,0x00000000d8300000)
 ParOldGen       total 87552K, used 258K [0x0000000081800000, 0x0000000086d80000, 0x00000000d5d80000)
  object space 87552K, 0% used [0x0000000081800000,0x0000000081840978,0x0000000086d80000)
 Metaspace       used 15292K, capacity 15834K, committed 16000K, reserved 1062912K
  class space    used 2004K, capacity 2132K, committed 2176K, reserved 1048576K
Event: 2.581 GC heap after
Heap after GC invocations=3 (full 0):
 PSYoungGen      total 38400K, used 5107K [0x00000000d5d80000, 0x00000000da880000, 0x0000000100000000)
  eden space 33280K, 0% used [0x00000000d5d80000,0x00000000d5d80000,0x00000000d7e00000)
  from space 5120K, 99% used [0x00000000d7e00000,0x00000000d82fcd28,0x00000000d8300000)
  to   space 5120K, 0% used [0x00000000da380000,0x00000000da380000,0x00000000da880000)
 ParOldGen       total 87552K, used 1449K [0x0000000081800000, 0x0000000086d80000, 0x00000000d5d80000)
  object space 87552K, 1% used [0x0000000081800000,0x000000008196a468,0x0000000086d80000)
 Metaspace       used 15292K, capacity 15834K, committed 16000K, reserved 1062912K
  class space    used 2004K, capacity 2132K, committed 2176K, reserved 1048576K
}
Event: 3.221 GC heap before
{Heap before GC invocations=4 (full 0):
 PSYoungGen      total 38400K, used 38387K [0x00000000d5d80000, 0x00000000da880000, 0x0000000100000000)
  eden space 33280K, 100% used [0x00000000d5d80000,0x00000000d7e00000,0x00000000d7e00000)
  from space 5120K, 99% used [0x00000000d7e00000,0x00000000d82fcd28,0x00000000d8300000)
  to   space 5120K, 0% used [0x00000000da380000,0x00000000da380000,0x00000000da880000)
 ParOldGen       total 87552K, used 1449K [0x0000000081800000, 0x0000000086d80000, 0x00000000d5d80000)
  object space 87552K, 1% used [0x0000000081800000,0x000000008196a468,0x0000000086d80000)
 Metaspace       used 19797K, capacity 20358K, committed 20608K, reserved 1067008K
  class space    used 2517K, capacity 2670K, committed 2688K, reserved 1048576K
Event: 3.234 GC heap after
Heap after GC invocations=4 (full 0):
 PSYoungGen      total 71680K, used 5113K [0x00000000d5d80000, 0x00000000da880000, 0x0000000100000000)
  eden space 66560K, 0% used [0x00000000d5d80000,0x00000000d5d80000,0x00000000d9e80000)
  from space 5120K, 99% used [0x00000000da380000,0x00000000da87e598,0x00000000da880000)
  to   space 5120K, 0% used [0x00000000d9e80000,0x00000000d9e80000,0x00000000da380000)
 ParOldGen       total 87552K, used 4906K [0x0000000081800000, 0x0000000086d80000, 0x00000000d5d80000)
  object space 87552K, 5% used [0x0000000081800000,0x0000000081ccab70,0x0000000086d80000)
 Metaspace       used 19797K, capacity 20358K, committed 20608K, reserved 1067008K
  class space    used 2517K, capacity 2670K, committed 2688K, reserved 1048576K
}
Event: 3.540 GC heap before
{Heap before GC invocations=5 (full 0):
 PSYoungGen      total 71680K, used 18887K [0x00000000d5d80000, 0x00000000da880000, 0x0000000100000000)
  eden space 66560K, 20% used [0x00000000d5d80000,0x00000000d6af3868,0x00000000d9e80000)
  from space 5120K, 99% used [0x00000000da380000,0x00000000da87e598,0x00000000da880000)
  to   space 5120K, 0% used [0x00000000d9e80000,0x00000000d9e80000,0x00000000da380000)
 ParOldGen       total 87552K, used 4906K [0x0000000081800000, 0x0000000086d80000, 0x00000000d5d80000)
  object space 87552K, 5% used [0x0000000081800000,0x0000000081ccab70,0x0000000086d80000)
 Metaspace       used 20576K, capacity 21120K, committed 21248K, reserved 1067008K
  class space    used 2629K, capacity 2771K, committed 2816K, reserved 1048576K
Event: 3.553 GC heap after
Heap after GC invocations=5 (full 0):
 PSYoungGen      total 71680K, used 5112K [0x00000000d5d80000, 0x00000000df080000, 0x0000000100000000)
  eden space 66560K, 0% used [0x00000000d5d80000,0x00000000d5d80000,0x00000000d9e80000)
  from space 5120K, 99% used [0x00000000d9e80000,0x00000000da37e030,0x00000000da380000)
  to   space 8704K, 0% used [0x00000000de800000,0x00000000de800000,0x00000000df080000)
 ParOldGen       total 87552K, used 5610K [0x0000000081800000, 0x0000000086d80000, 0x00000000d5d80000)
  object space 87552K, 6% used [0x0000000081800000,0x0000000081d7a850,0x0000000086d80000)
 Metaspace       used 20576K, capacity 21120K, committed 21248K, reserved 1067008K
  class space    used 2629K, capacity 2771K, committed 2816K, reserved 1048576K
}
Event: 3.554 GC heap before
{Heap before GC invocations=6 (full 1):
 PSYoungGen      total 71680K, used 5112K [0x00000000d5d80000, 0x00000000df080000, 0x0000000100000000)
  eden space 66560K, 0% used [0x00000000d5d80000,0x00000000d5d80000,0x00000000d9e80000)
  from space 5120K, 99% used [0x00000000d9e80000,0x00000000da37e030,0x00000000da380000)
  to   space 8704K, 0% used [0x00000000de800000,0x00000000de800000,0x00000000df080000)
 ParOldGen       total 87552K, used 5610K [0x0000000081800000, 0x0000000086d80000, 0x00000000d5d80000)
  object space 87552K, 6% used [0x0000000081800000,0x0000000081d7a850,0x0000000086d80000)
 Metaspace       used 20576K, capacity 21120K, committed 21248K, reserved 1067008K
  class space    used 2629K, capacity 2771K, committed 2816K, reserved 1048576K
Event: 3.605 GC heap after
Heap after GC invocations=6 (full 1):
 PSYoungGen      total 71680K, used 0K [0x00000000d5d80000, 0x00000000df080000, 0x0000000100000000)
  eden space 66560K, 0% used [0x00000000d5d80000,0x00000000d5d80000,0x00000000d9e80000)
  from space 5120K, 0% used [0x00000000d9e80000,0x00000000d9e80000,0x00000000da380000)
  to   space 8704K, 0% used [0x00000000de800000,0x00000000de800000,0x00000000df080000)
 ParOldGen       total 53760K, used 5634K [0x0000000081800000, 0x0000000084c80000, 0x00000000d5d80000)
  object space 53760K, 10% used [0x0000000081800000,0x0000000081d808d8,0x0000000084c80000)
 Metaspace       used 20576K, capacity 21120K, committed 21248K, reserved 1067008K
  class space    used 2629K, capacity 2771K, committed 2816K, reserved 1048576K
}

