# JRE version: Java(TM) SE Runtime Environment (8.0_191-b12) (build 1.8.0_191-b12)
# Java VM: Java HotSpot(TM) 64-Bit Server VM (25.191-b12 mixed mode windows-amd64 compressed oops)
Heap:
 PSYoungGen      total 180736K, used 8167K [0x00000000d5d80000, 0x00000000e4500000, 0x0000000100000000)
  eden space 168448K, 4% used [0x00000000d5d80000,0x00000000d6579f70,0x00000000e0200000)
  from space 12288K, 0% used [0x00000000e0f80000,0x00000000e0f80000,0x00000000e1b80000)
  to   space 13824K, 0% used [0x00000000e0200000,0x00000000e0200000,0x00000000e0f80000)
 ParOldGen       total 89600K, used 19147K [0x0000000081800000, 0x0000000086f80000, 0x00000000d5d80000)
  object space 89600K, 21% used [0x0000000081800000,0x0000000082ab2c90,0x0000000086f80000)
 Metaspace       used 34075K, capacity 35476K, committed 35672K, reserved 1081344K
  class space    used 4336K, capacity 4608K, committed 4608K, reserved 1048576K
GC Heap History (10 events):
Event: 3.171 GC heap before
{Heap before GC invocations=6 (full 1):
 PSYoungGen      total 71680K, used 5106K [0x00000000d5d80000, 0x00000000def80000, 0x0000000100000000)
  eden space 66560K, 0% used [0x00000000d5d80000,0x00000000d5d80000,0x00000000d9e80000)
  from space 5120K, 99% used [0x00000000d9e80000,0x00000000da37ca48,0x00000000da380000)
  to   space 8192K, 0% used [0x00000000de780000,0x00000000de780000,0x00000000def80000)
 ParOldGen       total 87552K, used 5402K [0x0000000081800000, 0x0000000086d80000, 0x00000000d5d80000)
  object space 87552K, 6% used [0x0000000081800000,0x0000000081d46a50,0x0000000086d80000)
 Metaspace       used 20558K, capacity 21112K, committed 21248K, reserved 1067008K
  class space    used 2628K, capacity 2769K, committed 2816K, reserved 1048576K
Event: 3.217 GC heap after
Heap after GC invocations=6 (full 1):
 PSYoungGen      total 71680K, used 0K [0x00000000d5d80000, 0x00000000def80000, 0x0000000100000000)
  eden space 66560K, 0% used [0x00000000d5d80000,0x00000000d5d80000,0x00000000d9e80000)
  from space 5120K, 0% used [0x00000000d9e80000,0x00000000d9e80000,0x00000000da380000)
  to   space 8192K, 0% used [0x00000000de780000,0x00000000de780000,0x00000000def80000)
 ParOldGen       total 54272K, used 5712K [0x0000000081800000, 0x0000000084d00000, 0x00000000d5d80000)
  object space 54272K, 10% used [0x0000000081800000,0x0000000081d941d0,0x0000000084d00000)
 Metaspace       used 20558K, capacity 21112K, committed 21248K, reserved 1067008K
  class space    used 2628K, capacity 2769K, committed 2816K, reserved 1048576K
}
Event: 5.042 GC heap before
{Heap before GC invocations=7 (full 1):
 PSYoungGen      total 71680K, used 66560K [0x00000000d5d80000, 0x00000000def80000, 0x0000000100000000)
  eden space 66560K, 100% used [0x00000000d5d80000,0x00000000d9e80000,0x00000000d9e80000)
  from space 5120K, 0% used [0x00000000d9e80000,0x00000000d9e80000,0x00000000da380000)
  to   space 8192K, 0% used [0x00000000de780000,0x00000000de780000,0x00000000def80000)
 ParOldGen       total 54272K, used 5712K [0x0000000081800000, 0x0000000084d00000, 0x00000000d5d80000)
  object space 54272K, 10% used [0x0000000081800000,0x0000000081d941d0,0x0000000084d00000)
 Metaspace       used 24964K, capacity 25750K, committed 25984K, reserved 1071104K
  class space    used 3191K, capacity 3370K, committed 3456K, reserved 1048576K
Event: 5.057 GC heap after
Heap after GC invocations=7 (full 1):
 PSYoungGen      total 113152K, used 5601K [0x00000000d5d80000, 0x00000000ded00000, 0x0000000100000000)
  eden space 107520K, 0% used [0x00000000d5d80000,0x00000000d5d80000,0x00000000dc680000)
  from space 5632K, 99% used [0x00000000de780000,0x00000000decf8740,0x00000000ded00000)
  to   space 8192K, 0% used [0x00000000ddd00000,0x00000000ddd00000,0x00000000de500000)
 ParOldGen       total 54272K, used 5784K [0x0000000081800000, 0x0000000084d00000, 0x00000000d5d80000)
  object space 54272K, 10% used [0x0000000081800000,0x0000000081da61e0,0x0000000084d00000)
 Metaspace       used 24964K, capacity 25750K, committed 25984K, reserved 1071104K
  class space    used 3191K, capacity 3370K, committed 3456K, reserved 1048576K
}
Event: 7.480 GC heap before
{Heap before GC invocations=8 (full 1):
 PSYoungGen      total 113152K, used 113121K [0x00000000d5d80000, 0x00000000ded00000, 0x0000000100000000)
  eden space 107520K, 100% used [0x00000000d5d80000,0x00000000dc680000,0x00000000dc680000)
  from space 5632K, 99% used [0x00000000de780000,0x00000000decf8740,0x00000000ded00000)
  to   space 8192K, 0% used [0x00000000ddd00000,0x00000000ddd00000,0x00000000de500000)
 ParOldGen       total 54272K, used 5784K [0x0000000081800000, 0x0000000084d00000, 0x00000000d5d80000)
  object space 54272K, 10% used [0x0000000081800000,0x0000000081da61e0,0x0000000084d00000)
 Metaspace       used 32285K, capacity 33586K, committed 33920K, reserved 1079296K
  class space    used 4105K, capacity 4357K, committed 4480K, reserved 1048576K
Event: 7.507 GC heap after
Heap after GC invocations=8 (full 1):
 PSYoungGen      total 138752K, used 8176K [0x00000000d5d80000, 0x00000000e1b80000, 0x0000000100000000)
  eden space 130560K, 0% used [0x00000000d5d80000,0x00000000d5d80000,0x00000000ddd00000)
  from space 8192K, 99% used [0x00000000ddd00000,0x00000000de4fc070,0x00000000de500000)
  to   space 12288K, 0% used [0x00000000e0f80000,0x00000000e0f80000,0x00000000e1b80000)
 ParOldGen       total 54272K, used 11968K [0x0000000081800000, 0x0000000084d00000, 0x00000000d5d80000)
  object space 54272K, 22% used [0x0000000081800000,0x00000000823b02b8,0x0000000084d00000)
 Metaspace       used 32285K, capacity 33586K, committed 33920K, reserved 1079296K
  class space    used 4105K, capacity 4357K, committed 4480K, reserved 1048576K
}
Event: 8.261 GC heap before
{Heap before GC invocations=9 (full 1):
 PSYoungGen      total 138752K, used 72395K [0x00000000d5d80000, 0x00000000e1b80000, 0x0000000100000000)
  eden space 130560K, 49% used [0x00000000d5d80000,0x00000000d9c36ba8,0x00000000ddd00000)
  from space 8192K, 99% used [0x00000000ddd00000,0x00000000de4fc070,0x00000000de500000)
  to   space 12288K, 0% used [0x00000000e0f80000,0x00000000e0f80000,0x00000000e1b80000)
 ParOldGen       total 54272K, used 11968K [0x0000000081800000, 0x0000000084d00000, 0x00000000d5d80000)
  object space 54272K, 22% used [0x0000000081800000,0x00000000823b02b8,0x0000000084d00000)
 Metaspace       used 33962K, capacity 35330K, committed 35416K, reserved 1081344K
  class space    used 4321K, capacity 4603K, committed 4608K, reserved 1048576K
Event: 8.283 GC heap after
Heap after GC invocations=9 (full 1):
 PSYoungGen      total 180736K, used 12280K [0x00000000d5d80000, 0x00000000e4500000, 0x0000000100000000)
  eden space 168448K, 0% used [0x00000000d5d80000,0x00000000d5d80000,0x00000000e0200000)
  from space 12288K, 99% used [0x00000000e0f80000,0x00000000e1b7e320,0x00000000e1b80000)
  to   space 13824K, 0% used [0x00000000e0200000,0x00000000e0200000,0x00000000e0f80000)
 ParOldGen       total 54272K, used 12028K [0x0000000081800000, 0x0000000084d00000, 0x00000000d5d80000)
  object space 54272K, 22% used [0x0000000081800000,0x00000000823bf3d0,0x0000000084d00000)
 Metaspace       used 33962K, capacity 35330K, committed 35416K, reserved 1081344K
  class space    used 4321K, capacity 4603K, committed 4608K, reserved 1048576K
}
Event: 8.283 GC heap before
{Heap before GC invocations=10 (full 2):
 PSYoungGen      total 180736K, used 12280K [0x00000000d5d80000, 0x00000000e4500000, 0x0000000100000000)
  eden space 168448K, 0% used [0x00000000d5d80000,0x00000000d5d80000,0x00000000e0200000)
  from space 12288K, 99% used [0x00000000e0f80000,0x00000000e1b7e320,0x00000000e1b80000)
  to   space 13824K, 0% used [0x00000000e0200000,0x00000000e0200000,0x00000000e0f80000)
 ParOldGen       total 54272K, used 12028K [0x0000000081800000, 0x0000000084d00000, 0x00000000d5d80000)
  object space 54272K, 22% used [0x0000000081800000,0x00000000823bf3d0,0x0000000084d00000)
 Metaspace       used 33962K, capacity 35330K, committed 35416K, reserved 1081344K
  class space    used 4321K, capacity 4603K, committed 4608K, reserved 1048576K
Event: 8.386 GC heap after
Heap after GC invocations=10 (full 2):
 PSYoungGen      total 180736K, used 0K [0x00000000d5d80000, 0x00000000e4500000, 0x0000000100000000)
  eden space 168448K, 0% used [0x00000000d5d80000,0x00000000d5d80000,0x00000000e0200000)
  from space 12288K, 0% used [0x00000000e0f80000,0x00000000e0f80000,0x00000000e1b80000)
  to   space 13824K, 0% used [0x00000000e0200000,0x00000000e0200000,0x00000000e0f80000)
 ParOldGen       total 89600K, used 19147K [0x0000000081800000, 0x0000000086f80000, 0x00000000d5d80000)
  object space 89600K, 21% used [0x0000000081800000,0x0000000082ab2c90,0x0000000086f80000)
 Metaspace       used 33962K, capacity 35330K, committed 35416K, reserved 1081344K
  class space    used 4321K, capacity 4603K, committed 4608K, reserved 1048576K
}

